[26-Aug-2025 12:56:50 UTC] === DELETE NOTE REQUEST STARTED ===
[26-Aug-2025 12:56:50 UTC] Time: 2025-08-26 12:56:50
[26-Aug-2025 12:56:50 UTC] Method: POST
[26-Aug-2025 12:56:50 UTC] POST data: Array
(
    [note_id] => 3300
    [lead_id] => 13
)

[26-Aug-2025 13:26:38 UTC] === DELETE NOTE REQUEST STARTED ===
[26-Aug-2025 13:26:38 UTC] Time: 2025-08-26 13:26:38
[26-Aug-2025 13:26:38 UTC] Method: POST
[26-Aug-2025 13:26:38 UTC] POST data: Array
(
    [note_id] => 3300
    [lead_id] => 13
)

[26-Aug-2025 13:27:23 UTC] === DELETE NOTE REQUEST STARTED ===
[26-Aug-2025 13:27:23 UTC] Time: 2025-08-26 13:27:23
[26-Aug-2025 13:27:23 UTC] Method: POST
[26-Aug-2025 13:27:23 UTC] POST data: Array
(
    [note_id] => 3300
    [lead_id] => 13
)

[26-Aug-2025 13:28:44 UTC] === DELETE NOTE REQUEST STARTED ===
[26-Aug-2025 13:28:44 UTC] Time: 2025-08-26 13:28:44
[26-Aug-2025 13:28:44 UTC] Method: POST
[26-Aug-2025 13:28:44 UTC] POST data: Array
(
    [note_id] => 1694
    [lead_id] => 12
)

[26-Aug-2025 13:29:01 UTC] === DELETE NOTE REQUEST STARTED ===
[26-Aug-2025 13:29:01 UTC] Time: 2025-08-26 13:29:01
[26-Aug-2025 13:29:01 UTC] Method: POST
[26-Aug-2025 13:29:01 UTC] POST data: Array
(
    [note_id] => 3289
    [lead_id] => 12
)

[26-Aug-2025 13:29:11 UTC] === DELETE NOTE REQUEST STARTED ===
[26-Aug-2025 13:29:11 UTC] Time: 2025-08-26 13:29:11
[26-Aug-2025 13:29:11 UTC] Method: POST
[26-Aug-2025 13:29:11 UTC] POST data: Array
(
    [note_id] => 1694
    [lead_id] => 12
)

[26-Aug-2025 16:34:49 UTC] === DELETE NOTE REQUEST STARTED ===
[26-Aug-2025 16:34:49 UTC] Time: 2025-08-26 16:34:49
[26-Aug-2025 16:34:49 UTC] Method: POST
[26-Aug-2025 16:34:49 UTC] POST data: Array
(
    [note_id] => 3290
    [lead_id] => 12
)

[26-Aug-2025 16:48:17 UTC] === DELETE NOTE REQUEST STARTED ===
[26-Aug-2025 16:48:17 UTC] Time: 2025-08-26 16:48:17
[26-Aug-2025 16:48:17 UTC] Method: POST
[26-Aug-2025 16:48:17 UTC] POST data: Array
(
    [note_id] => 3290
    [lead_id] => 12
)

[26-Aug-2025 16:49:02 UTC] === DELETE NOTE REQUEST STARTED ===
[26-Aug-2025 16:49:02 UTC] Time: 2025-08-26 16:49:02
[26-Aug-2025 16:49:02 UTC] Method: POST
[26-Aug-2025 16:49:02 UTC] POST data: Array
(
    [note_id] => 3223
    [lead_id] => 3
)

[26-Aug-2025 16:51:04 UTC] === DELETE NOTE REQUEST STARTED ===
[26-Aug-2025 16:51:04 UTC] Time: 2025-08-26 16:51:04
[26-Aug-2025 16:51:04 UTC] Method: POST
[26-Aug-2025 16:51:04 UTC] POST data: Array
(
    [note_id] => 3223
    [lead_id] => 3
)

[26-Aug-2025 16:57:18 UTC] === DELETE NOTE REQUEST STARTED (FIXED VERSION) ===
[26-Aug-2025 16:57:18 UTC] Time: 2025-08-26 16:57:18
[26-Aug-2025 16:57:18 UTC] Method: POST
[26-Aug-2025 16:57:18 UTC] POST data: Array
(
    [note_id] => 3223
    [lead_id] => 3
)

[26-Aug-2025 16:57:18 UTC] Creating Database connection directly...
[26-Aug-2025 16:57:18 UTC] PHP Deprecated:  Creation of dynamic property Database::$crm_host is deprecated in /home/democrm/classes/Database.php on line 17
[26-Aug-2025 16:57:18 UTC] PHP Deprecated:  Creation of dynamic property Database::$crm_database is deprecated in /home/democrm/classes/Database.php on line 18
[26-Aug-2025 16:57:18 UTC] PHP Deprecated:  Creation of dynamic property Database::$crm_username is deprecated in /home/democrm/classes/Database.php on line 19
[26-Aug-2025 16:57:18 UTC] PHP Deprecated:  Creation of dynamic property Database::$crm_password is deprecated in /home/democrm/classes/Database.php on line 20
[26-Aug-2025 16:57:18 UTC] PHP Deprecated:  Creation of dynamic property Database::$character_set is deprecated in /home/democrm/classes/Database.php on line 22
[26-Aug-2025 16:57:18 UTC] PHP Deprecated:  Creation of dynamic property Database::$options is deprecated in /home/democrm/classes/Database.php on line 23
[26-Aug-2025 16:57:18 UTC] Database connection established successfully
[26-Aug-2025 16:57:18 UTC] Verifying note 3223 belongs to lead 3
[26-Aug-2025 16:57:18 UTC] Note verified successfully, proceeding with deletion
[26-Aug-2025 16:57:18 UTC] Lead-note link deletion result: success
[26-Aug-2025 16:57:18 UTC] Note deletion result: success
[26-Aug-2025 16:57:18 UTC] Transaction committed successfully
[26-Aug-2025 16:57:18 UTC] Attempting to create audit log entry...
[26-Aug-2025 16:57:18 UTC] Audit error (non-fatal): SQLSTATE[42S22]: Column not found: 1054 Unknown column 'date_created' in 'field list'
[26-Aug-2025 16:57:23 UTC] === DELETE NOTE REQUEST STARTED (FIXED VERSION) ===
[26-Aug-2025 16:57:23 UTC] Time: 2025-08-26 16:57:23
[26-Aug-2025 16:57:23 UTC] Method: POST
[26-Aug-2025 16:57:23 UTC] POST data: Array
(
    [note_id] => 3222
    [lead_id] => 3
)

[26-Aug-2025 16:57:23 UTC] Creating Database connection directly...
[26-Aug-2025 16:57:23 UTC] PHP Deprecated:  Creation of dynamic property Database::$crm_host is deprecated in /home/democrm/classes/Database.php on line 17
[26-Aug-2025 16:57:23 UTC] PHP Deprecated:  Creation of dynamic property Database::$crm_database is deprecated in /home/democrm/classes/Database.php on line 18
[26-Aug-2025 16:57:23 UTC] PHP Deprecated:  Creation of dynamic property Database::$crm_username is deprecated in /home/democrm/classes/Database.php on line 19
[26-Aug-2025 16:57:23 UTC] PHP Deprecated:  Creation of dynamic property Database::$crm_password is deprecated in /home/democrm/classes/Database.php on line 20
[26-Aug-2025 16:57:23 UTC] PHP Deprecated:  Creation of dynamic property Database::$character_set is deprecated in /home/democrm/classes/Database.php on line 22
[26-Aug-2025 16:57:23 UTC] PHP Deprecated:  Creation of dynamic property Database::$options is deprecated in /home/democrm/classes/Database.php on line 23
[26-Aug-2025 16:57:23 UTC] Database connection established successfully
[26-Aug-2025 16:57:23 UTC] Verifying note 3222 belongs to lead 3
[26-Aug-2025 16:57:23 UTC] Note verified successfully, proceeding with deletion
[26-Aug-2025 16:57:23 UTC] Lead-note link deletion result: success
[26-Aug-2025 16:57:23 UTC] Note deletion result: success
[26-Aug-2025 16:57:23 UTC] Transaction committed successfully
[26-Aug-2025 16:57:23 UTC] Attempting to create audit log entry...
[26-Aug-2025 16:57:23 UTC] Audit error (non-fatal): SQLSTATE[42S22]: Column not found: 1054 Unknown column 'date_created' in 'field list'
[26-Aug-2025 16:57:28 UTC] === DELETE NOTE REQUEST STARTED (FIXED VERSION) ===
[26-Aug-2025 16:57:28 UTC] Time: 2025-08-26 16:57:28
[26-Aug-2025 16:57:28 UTC] Method: POST
[26-Aug-2025 16:57:28 UTC] POST data: Array
(
    [note_id] => 3221
    [lead_id] => 3
)

[26-Aug-2025 16:57:28 UTC] Creating Database connection directly...
[26-Aug-2025 16:57:28 UTC] PHP Deprecated:  Creation of dynamic property Database::$crm_host is deprecated in /home/democrm/classes/Database.php on line 17
[26-Aug-2025 16:57:28 UTC] PHP Deprecated:  Creation of dynamic property Database::$crm_database is deprecated in /home/democrm/classes/Database.php on line 18
[26-Aug-2025 16:57:28 UTC] PHP Deprecated:  Creation of dynamic property Database::$crm_username is deprecated in /home/democrm/classes/Database.php on line 19
[26-Aug-2025 16:57:28 UTC] PHP Deprecated:  Creation of dynamic property Database::$crm_password is deprecated in /home/democrm/classes/Database.php on line 20
[26-Aug-2025 16:57:28 UTC] PHP Deprecated:  Creation of dynamic property Database::$character_set is deprecated in /home/democrm/classes/Database.php on line 22
[26-Aug-2025 16:57:28 UTC] PHP Deprecated:  Creation of dynamic property Database::$options is deprecated in /home/democrm/classes/Database.php on line 23
[26-Aug-2025 16:57:28 UTC] Database connection established successfully
[26-Aug-2025 16:57:28 UTC] Verifying note 3221 belongs to lead 3
[26-Aug-2025 16:57:28 UTC] Note verified successfully, proceeding with deletion
[26-Aug-2025 16:57:28 UTC] Lead-note link deletion result: success
[26-Aug-2025 16:57:28 UTC] Note deletion result: success
[26-Aug-2025 16:57:28 UTC] Transaction committed successfully
[26-Aug-2025 16:57:28 UTC] Attempting to create audit log entry...
[26-Aug-2025 16:57:28 UTC] Audit error (non-fatal): SQLSTATE[42S22]: Column not found: 1054 Unknown column 'date_created' in 'field list'
[26-Aug-2025 16:57:39 UTC] === DELETE NOTE REQUEST STARTED (FIXED VERSION) ===
[26-Aug-2025 16:57:39 UTC] Time: 2025-08-26 16:57:39
[26-Aug-2025 16:57:39 UTC] Method: POST
[26-Aug-2025 16:57:39 UTC] POST data: Array
(
    [note_id] => 3220
    [lead_id] => 3
)

[26-Aug-2025 16:57:39 UTC] Creating Database connection directly...
[26-Aug-2025 16:57:39 UTC] PHP Deprecated:  Creation of dynamic property Database::$crm_host is deprecated in /home/democrm/classes/Database.php on line 17
[26-Aug-2025 16:57:39 UTC] PHP Deprecated:  Creation of dynamic property Database::$crm_database is deprecated in /home/democrm/classes/Database.php on line 18
[26-Aug-2025 16:57:39 UTC] PHP Deprecated:  Creation of dynamic property Database::$crm_username is deprecated in /home/democrm/classes/Database.php on line 19
[26-Aug-2025 16:57:39 UTC] PHP Deprecated:  Creation of dynamic property Database::$crm_password is deprecated in /home/democrm/classes/Database.php on line 20
[26-Aug-2025 16:57:39 UTC] PHP Deprecated:  Creation of dynamic property Database::$character_set is deprecated in /home/democrm/classes/Database.php on line 22
[26-Aug-2025 16:57:39 UTC] PHP Deprecated:  Creation of dynamic property Database::$options is deprecated in /home/democrm/classes/Database.php on line 23
[26-Aug-2025 16:57:39 UTC] Database connection established successfully
[26-Aug-2025 16:57:39 UTC] Verifying note 3220 belongs to lead 3
[26-Aug-2025 16:57:39 UTC] Note verified successfully, proceeding with deletion
[26-Aug-2025 16:57:39 UTC] Lead-note link deletion result: success
[26-Aug-2025 16:57:39 UTC] Note deletion result: success
[26-Aug-2025 16:57:39 UTC] Transaction committed successfully
[26-Aug-2025 16:57:39 UTC] Attempting to create audit log entry...
[26-Aug-2025 16:57:39 UTC] Audit error (non-fatal): SQLSTATE[42S22]: Column not found: 1054 Unknown column 'date_created' in 'field list'
[26-Aug-2025 16:57:48 UTC] === DELETE NOTE REQUEST STARTED (FIXED VERSION) ===
[26-Aug-2025 16:57:48 UTC] Time: 2025-08-26 16:57:48
[26-Aug-2025 16:57:48 UTC] Method: POST
[26-Aug-2025 16:57:48 UTC] POST data: Array
(
    [note_id] => 3219
    [lead_id] => 3
)

[26-Aug-2025 16:57:48 UTC] Creating Database connection directly...
[26-Aug-2025 16:57:48 UTC] PHP Deprecated:  Creation of dynamic property Database::$crm_host is deprecated in /home/democrm/classes/Database.php on line 17
[26-Aug-2025 16:57:48 UTC] PHP Deprecated:  Creation of dynamic property Database::$crm_database is deprecated in /home/democrm/classes/Database.php on line 18
[26-Aug-2025 16:57:48 UTC] PHP Deprecated:  Creation of dynamic property Database::$crm_username is deprecated in /home/democrm/classes/Database.php on line 19
[26-Aug-2025 16:57:48 UTC] PHP Deprecated:  Creation of dynamic property Database::$crm_password is deprecated in /home/democrm/classes/Database.php on line 20
[26-Aug-2025 16:57:48 UTC] PHP Deprecated:  Creation of dynamic property Database::$character_set is deprecated in /home/democrm/classes/Database.php on line 22
[26-Aug-2025 16:57:48 UTC] PHP Deprecated:  Creation of dynamic property Database::$options is deprecated in /home/democrm/classes/Database.php on line 23
[26-Aug-2025 16:57:48 UTC] Database connection established successfully
[26-Aug-2025 16:57:48 UTC] Verifying note 3219 belongs to lead 3
[26-Aug-2025 16:57:48 UTC] Note verified successfully, proceeding with deletion
[26-Aug-2025 16:57:48 UTC] Lead-note link deletion result: success
[26-Aug-2025 16:57:48 UTC] Note deletion result: success
[26-Aug-2025 16:57:48 UTC] Transaction committed successfully
[26-Aug-2025 16:57:48 UTC] Attempting to create audit log entry...
[26-Aug-2025 16:57:48 UTC] Audit error (non-fatal): SQLSTATE[42S22]: Column not found: 1054 Unknown column 'date_created' in 'field list'
[26-Aug-2025 16:57:52 UTC] === DELETE NOTE REQUEST STARTED (FIXED VERSION) ===
[26-Aug-2025 16:57:52 UTC] Time: 2025-08-26 16:57:52
[26-Aug-2025 16:57:52 UTC] Method: POST
[26-Aug-2025 16:57:52 UTC] POST data: Array
(
    [note_id] => 1622
    [lead_id] => 3
)

[26-Aug-2025 16:57:52 UTC] Creating Database connection directly...
[26-Aug-2025 16:57:52 UTC] PHP Deprecated:  Creation of dynamic property Database::$crm_host is deprecated in /home/democrm/classes/Database.php on line 17
[26-Aug-2025 16:57:52 UTC] PHP Deprecated:  Creation of dynamic property Database::$crm_database is deprecated in /home/democrm/classes/Database.php on line 18
[26-Aug-2025 16:57:52 UTC] PHP Deprecated:  Creation of dynamic property Database::$crm_username is deprecated in /home/democrm/classes/Database.php on line 19
[26-Aug-2025 16:57:52 UTC] PHP Deprecated:  Creation of dynamic property Database::$crm_password is deprecated in /home/democrm/classes/Database.php on line 20
[26-Aug-2025 16:57:52 UTC] PHP Deprecated:  Creation of dynamic property Database::$character_set is deprecated in /home/democrm/classes/Database.php on line 22
[26-Aug-2025 16:57:52 UTC] PHP Deprecated:  Creation of dynamic property Database::$options is deprecated in /home/democrm/classes/Database.php on line 23
[26-Aug-2025 16:57:52 UTC] Database connection established successfully
[26-Aug-2025 16:57:52 UTC] Verifying note 1622 belongs to lead 3
[26-Aug-2025 16:57:52 UTC] Note verified successfully, proceeding with deletion
[26-Aug-2025 16:57:52 UTC] Lead-note link deletion result: success
[26-Aug-2025 16:57:52 UTC] Note deletion result: success
[26-Aug-2025 16:57:52 UTC] Transaction committed successfully
[26-Aug-2025 16:57:52 UTC] Attempting to create audit log entry...
[26-Aug-2025 16:57:52 UTC] Audit error (non-fatal): SQLSTATE[42S22]: Column not found: 1054 Unknown column 'date_created' in 'field list'
[26-Aug-2025 16:58:04 UTC] === DELETE NOTE REQUEST STARTED (FIXED VERSION) ===
[26-Aug-2025 16:58:04 UTC] Time: 2025-08-26 16:58:04
[26-Aug-2025 16:58:04 UTC] Method: POST
[26-Aug-2025 16:58:04 UTC] POST data: Array
(
    [note_id] => 3217
    [lead_id] => 3
)

[26-Aug-2025 16:58:04 UTC] Creating Database connection directly...
[26-Aug-2025 16:58:04 UTC] PHP Deprecated:  Creation of dynamic property Database::$crm_host is deprecated in /home/democrm/classes/Database.php on line 17
[26-Aug-2025 16:58:04 UTC] PHP Deprecated:  Creation of dynamic property Database::$crm_database is deprecated in /home/democrm/classes/Database.php on line 18
[26-Aug-2025 16:58:04 UTC] PHP Deprecated:  Creation of dynamic property Database::$crm_username is deprecated in /home/democrm/classes/Database.php on line 19
[26-Aug-2025 16:58:04 UTC] PHP Deprecated:  Creation of dynamic property Database::$crm_password is deprecated in /home/democrm/classes/Database.php on line 20
[26-Aug-2025 16:58:04 UTC] PHP Deprecated:  Creation of dynamic property Database::$character_set is deprecated in /home/democrm/classes/Database.php on line 22
[26-Aug-2025 16:58:04 UTC] PHP Deprecated:  Creation of dynamic property Database::$options is deprecated in /home/democrm/classes/Database.php on line 23
[26-Aug-2025 16:58:04 UTC] Database connection established successfully
[26-Aug-2025 16:58:04 UTC] Verifying note 3217 belongs to lead 3
[26-Aug-2025 16:58:04 UTC] Note verified successfully, proceeding with deletion
[26-Aug-2025 16:58:04 UTC] Lead-note link deletion result: success
[26-Aug-2025 16:58:04 UTC] Note deletion result: success
[26-Aug-2025 16:58:04 UTC] Transaction committed successfully
[26-Aug-2025 16:58:04 UTC] Attempting to create audit log entry...
[26-Aug-2025 16:58:04 UTC] Audit error (non-fatal): SQLSTATE[42S22]: Column not found: 1054 Unknown column 'date_created' in 'field list'
[26-Aug-2025 16:58:17 UTC] === DELETE NOTE REQUEST STARTED (FIXED VERSION) ===
[26-Aug-2025 16:58:17 UTC] Time: 2025-08-26 16:58:17
[26-Aug-2025 16:58:17 UTC] Method: POST
[26-Aug-2025 16:58:17 UTC] POST data: Array
(
    [note_id] => 3216
    [lead_id] => 3
)

[26-Aug-2025 16:58:17 UTC] Creating Database connection directly...
[26-Aug-2025 16:58:17 UTC] PHP Deprecated:  Creation of dynamic property Database::$crm_host is deprecated in /home/democrm/classes/Database.php on line 17
[26-Aug-2025 16:58:17 UTC] PHP Deprecated:  Creation of dynamic property Database::$crm_database is deprecated in /home/democrm/classes/Database.php on line 18
[26-Aug-2025 16:58:17 UTC] PHP Deprecated:  Creation of dynamic property Database::$crm_username is deprecated in /home/democrm/classes/Database.php on line 19
[26-Aug-2025 16:58:17 UTC] PHP Deprecated:  Creation of dynamic property Database::$crm_password is deprecated in /home/democrm/classes/Database.php on line 20
[26-Aug-2025 16:58:17 UTC] PHP Deprecated:  Creation of dynamic property Database::$character_set is deprecated in /home/democrm/classes/Database.php on line 22
[26-Aug-2025 16:58:17 UTC] PHP Deprecated:  Creation of dynamic property Database::$options is deprecated in /home/democrm/classes/Database.php on line 23
[26-Aug-2025 16:58:17 UTC] Database connection established successfully
[26-Aug-2025 16:58:17 UTC] Verifying note 3216 belongs to lead 3
[26-Aug-2025 16:58:17 UTC] Note verified successfully, proceeding with deletion
[26-Aug-2025 16:58:17 UTC] Lead-note link deletion result: success
[26-Aug-2025 16:58:17 UTC] Note deletion result: success
[26-Aug-2025 16:58:17 UTC] Transaction committed successfully
[26-Aug-2025 16:58:17 UTC] Attempting to create audit log entry...
[26-Aug-2025 16:58:17 UTC] Audit error (non-fatal): SQLSTATE[42S22]: Column not found: 1054 Unknown column 'date_created' in 'field list'
[26-Aug-2025 16:58:28 UTC] === DELETE NOTE REQUEST STARTED (FIXED VERSION) ===
[26-Aug-2025 16:58:28 UTC] Time: 2025-08-26 16:58:28
[26-Aug-2025 16:58:28 UTC] Method: POST
[26-Aug-2025 16:58:28 UTC] POST data: Array
(
    [note_id] => 3215
    [lead_id] => 3
)

[26-Aug-2025 16:58:28 UTC] Creating Database connection directly...
[26-Aug-2025 16:58:28 UTC] PHP Deprecated:  Creation of dynamic property Database::$crm_host is deprecated in /home/democrm/classes/Database.php on line 17
[26-Aug-2025 16:58:28 UTC] PHP Deprecated:  Creation of dynamic property Database::$crm_database is deprecated in /home/democrm/classes/Database.php on line 18
[26-Aug-2025 16:58:28 UTC] PHP Deprecated:  Creation of dynamic property Database::$crm_username is deprecated in /home/democrm/classes/Database.php on line 19
[26-Aug-2025 16:58:28 UTC] PHP Deprecated:  Creation of dynamic property Database::$crm_password is deprecated in /home/democrm/classes/Database.php on line 20
[26-Aug-2025 16:58:28 UTC] PHP Deprecated:  Creation of dynamic property Database::$character_set is deprecated in /home/democrm/classes/Database.php on line 22
[26-Aug-2025 16:58:28 UTC] PHP Deprecated:  Creation of dynamic property Database::$options is deprecated in /home/democrm/classes/Database.php on line 23
[26-Aug-2025 16:58:28 UTC] Database connection established successfully
[26-Aug-2025 16:58:28 UTC] Verifying note 3215 belongs to lead 3
[26-Aug-2025 16:58:28 UTC] Note verified successfully, proceeding with deletion
[26-Aug-2025 16:58:28 UTC] Lead-note link deletion result: success
[26-Aug-2025 16:58:28 UTC] Note deletion result: success
[26-Aug-2025 16:58:28 UTC] Transaction committed successfully
[26-Aug-2025 16:58:28 UTC] Attempting to create audit log entry...
[26-Aug-2025 16:58:28 UTC] Audit error (non-fatal): SQLSTATE[42S22]: Column not found: 1054 Unknown column 'date_created' in 'field list'
[26-Aug-2025 16:58:34 UTC] === DELETE NOTE REQUEST STARTED (FIXED VERSION) ===
[26-Aug-2025 16:58:34 UTC] Time: 2025-08-26 16:58:34
[26-Aug-2025 16:58:34 UTC] Method: POST
[26-Aug-2025 16:58:34 UTC] POST data: Array
(
    [note_id] => 3214
    [lead_id] => 3
)

[26-Aug-2025 16:58:34 UTC] Creating Database connection directly...
[26-Aug-2025 16:58:34 UTC] PHP Deprecated:  Creation of dynamic property Database::$crm_host is deprecated in /home/democrm/classes/Database.php on line 17
[26-Aug-2025 16:58:34 UTC] PHP Deprecated:  Creation of dynamic property Database::$crm_database is deprecated in /home/democrm/classes/Database.php on line 18
[26-Aug-2025 16:58:34 UTC] PHP Deprecated:  Creation of dynamic property Database::$crm_username is deprecated in /home/democrm/classes/Database.php on line 19
[26-Aug-2025 16:58:34 UTC] PHP Deprecated:  Creation of dynamic property Database::$crm_password is deprecated in /home/democrm/classes/Database.php on line 20
[26-Aug-2025 16:58:34 UTC] PHP Deprecated:  Creation of dynamic property Database::$character_set is deprecated in /home/democrm/classes/Database.php on line 22
[26-Aug-2025 16:58:34 UTC] PHP Deprecated:  Creation of dynamic property Database::$options is deprecated in /home/democrm/classes/Database.php on line 23
[26-Aug-2025 16:58:34 UTC] Database connection established successfully
[26-Aug-2025 16:58:34 UTC] Verifying note 3214 belongs to lead 3
[26-Aug-2025 16:58:34 UTC] Note verified successfully, proceeding with deletion
[26-Aug-2025 16:58:34 UTC] Lead-note link deletion result: success
[26-Aug-2025 16:58:34 UTC] Note deletion result: success
[26-Aug-2025 16:58:34 UTC] Transaction committed successfully
[26-Aug-2025 16:58:34 UTC] Attempting to create audit log entry...
[26-Aug-2025 16:58:34 UTC] Audit error (non-fatal): SQLSTATE[42S22]: Column not found: 1054 Unknown column 'date_created' in 'field list'
[26-Aug-2025 16:58:39 UTC] === DELETE NOTE REQUEST STARTED (FIXED VERSION) ===
[26-Aug-2025 16:58:39 UTC] Time: 2025-08-26 16:58:39
[26-Aug-2025 16:58:39 UTC] Method: POST
[26-Aug-2025 16:58:39 UTC] POST data: Array
(
    [note_id] => 1616
    [lead_id] => 3
)

[26-Aug-2025 16:58:39 UTC] Creating Database connection directly...
[26-Aug-2025 16:58:39 UTC] PHP Deprecated:  Creation of dynamic property Database::$crm_host is deprecated in /home/democrm/classes/Database.php on line 17
[26-Aug-2025 16:58:39 UTC] PHP Deprecated:  Creation of dynamic property Database::$crm_database is deprecated in /home/democrm/classes/Database.php on line 18
[26-Aug-2025 16:58:39 UTC] PHP Deprecated:  Creation of dynamic property Database::$crm_username is deprecated in /home/democrm/classes/Database.php on line 19
[26-Aug-2025 16:58:39 UTC] PHP Deprecated:  Creation of dynamic property Database::$crm_password is deprecated in /home/democrm/classes/Database.php on line 20
[26-Aug-2025 16:58:39 UTC] PHP Deprecated:  Creation of dynamic property Database::$character_set is deprecated in /home/democrm/classes/Database.php on line 22
[26-Aug-2025 16:58:39 UTC] PHP Deprecated:  Creation of dynamic property Database::$options is deprecated in /home/democrm/classes/Database.php on line 23
[26-Aug-2025 16:58:39 UTC] Database connection established successfully
[26-Aug-2025 16:58:39 UTC] Verifying note 1616 belongs to lead 3
[26-Aug-2025 16:58:39 UTC] Note verified successfully, proceeding with deletion
[26-Aug-2025 16:58:39 UTC] Lead-note link deletion result: success
[26-Aug-2025 16:58:39 UTC] Note deletion result: success
[26-Aug-2025 16:58:39 UTC] Transaction committed successfully
[26-Aug-2025 16:58:39 UTC] Attempting to create audit log entry...
[26-Aug-2025 16:58:39 UTC] Audit error (non-fatal): SQLSTATE[42S22]: Column not found: 1054 Unknown column 'date_created' in 'field list'
[26-Aug-2025 16:58:49 UTC] === DELETE NOTE REQUEST STARTED (FIXED VERSION) ===
[26-Aug-2025 16:58:49 UTC] Time: 2025-08-26 16:58:49
[26-Aug-2025 16:58:49 UTC] Method: POST
[26-Aug-2025 16:58:49 UTC] POST data: Array
(
    [note_id] => 3213
    [lead_id] => 3
)

[26-Aug-2025 16:58:49 UTC] Creating Database connection directly...
[26-Aug-2025 16:58:49 UTC] PHP Deprecated:  Creation of dynamic property Database::$crm_host is deprecated in /home/democrm/classes/Database.php on line 17
[26-Aug-2025 16:58:49 UTC] PHP Deprecated:  Creation of dynamic property Database::$crm_database is deprecated in /home/democrm/classes/Database.php on line 18
[26-Aug-2025 16:58:49 UTC] PHP Deprecated:  Creation of dynamic property Database::$crm_username is deprecated in /home/democrm/classes/Database.php on line 19
[26-Aug-2025 16:58:49 UTC] PHP Deprecated:  Creation of dynamic property Database::$crm_password is deprecated in /home/democrm/classes/Database.php on line 20
[26-Aug-2025 16:58:49 UTC] PHP Deprecated:  Creation of dynamic property Database::$character_set is deprecated in /home/democrm/classes/Database.php on line 22
[26-Aug-2025 16:58:49 UTC] PHP Deprecated:  Creation of dynamic property Database::$options is deprecated in /home/democrm/classes/Database.php on line 23
[26-Aug-2025 16:58:49 UTC] Database connection established successfully
[26-Aug-2025 16:58:49 UTC] Verifying note 3213 belongs to lead 3
[26-Aug-2025 16:58:49 UTC] Note verified successfully, proceeding with deletion
[26-Aug-2025 16:58:49 UTC] Lead-note link deletion result: success
[26-Aug-2025 16:58:49 UTC] Note deletion result: success
[26-Aug-2025 16:58:49 UTC] Transaction committed successfully
[26-Aug-2025 16:58:49 UTC] Attempting to create audit log entry...
[26-Aug-2025 16:58:49 UTC] Audit error (non-fatal): SQLSTATE[42S22]: Column not found: 1054 Unknown column 'date_created' in 'field list'
[26-Aug-2025 16:59:00 UTC] === DELETE NOTE REQUEST STARTED (FIXED VERSION) ===
[26-Aug-2025 16:59:00 UTC] Time: 2025-08-26 16:59:00
[26-Aug-2025 16:59:00 UTC] Method: POST
[26-Aug-2025 16:59:00 UTC] POST data: Array
(
    [note_id] => 3211
    [lead_id] => 3
)

[26-Aug-2025 16:59:00 UTC] Creating Database connection directly...
[26-Aug-2025 16:59:00 UTC] PHP Deprecated:  Creation of dynamic property Database::$crm_host is deprecated in /home/democrm/classes/Database.php on line 17
[26-Aug-2025 16:59:00 UTC] PHP Deprecated:  Creation of dynamic property Database::$crm_database is deprecated in /home/democrm/classes/Database.php on line 18
[26-Aug-2025 16:59:00 UTC] PHP Deprecated:  Creation of dynamic property Database::$crm_username is deprecated in /home/democrm/classes/Database.php on line 19
[26-Aug-2025 16:59:00 UTC] PHP Deprecated:  Creation of dynamic property Database::$crm_password is deprecated in /home/democrm/classes/Database.php on line 20
[26-Aug-2025 16:59:00 UTC] PHP Deprecated:  Creation of dynamic property Database::$character_set is deprecated in /home/democrm/classes/Database.php on line 22
[26-Aug-2025 16:59:00 UTC] PHP Deprecated:  Creation of dynamic property Database::$options is deprecated in /home/democrm/classes/Database.php on line 23
[26-Aug-2025 16:59:00 UTC] Database connection established successfully
[26-Aug-2025 16:59:00 UTC] Verifying note 3211 belongs to lead 3
[26-Aug-2025 16:59:00 UTC] Note verified successfully, proceeding with deletion
[26-Aug-2025 16:59:00 UTC] Lead-note link deletion result: success
[26-Aug-2025 16:59:00 UTC] Note deletion result: success
[26-Aug-2025 16:59:00 UTC] Transaction committed successfully
[26-Aug-2025 16:59:00 UTC] Attempting to create audit log entry...
[26-Aug-2025 16:59:00 UTC] Audit error (non-fatal): SQLSTATE[42S22]: Column not found: 1054 Unknown column 'date_created' in 'field list'
